0 info it worked if it ends with ok
1 verbose cli [ '/projetos/runtimes/node-v5.9.1-linux-x64/bin/node',
1 verbose cli   '/projetos/runtimes/node-v5.9.1-linux-x64/bin/npm',
1 verbose cli   'run-script',
1 verbose cli   'test' ]
2 info using npm@3.8.9
3 info using node@v5.9.1
4 verbose run-script [ 'pretest', 'test', 'posttest' ]
5 info lifecycle angular-translate-once@1.0.3~pretest: angular-translate-once@1.0.3
6 verbose lifecycle angular-translate-once@1.0.3~pretest: unsafe-perm in lifecycle true
7 verbose lifecycle angular-translate-once@1.0.3~pretest: PATH: /projetos/runtimes/node-v5.9.1-linux-x64/lib/node_modules/npm/bin/node-gyp-bin:/projetos/repositorios/github/angular-translate-once/node_modules/.bin:/projetos/runtimes/node-v5.9.1-linux-x64/bin:/infra/apps/scripts:/apps/scripts:/bin:/etc:/sbin:/usr/bin:/usr/etc:/usr/sbin:/usr/X11R6/bin:/usr/local/bin:/g0eo/Bin:/Sismica/Bin:/apps/CWP/SeismicUnix/bin:/projetos/runtimes/jdk1.8.0_66/bin:/usr/lib64/qt-3.3/bin:/usr/local/bin:/usr/bin:/bin:/usr/local/sbin:/usr/sbin:/sbin:/opt/real/RealPlayer:/projetos/tools/apache-maven-3.1.1/bin:/projetos/tools/apache-ant-1.9.4/bin:/projetos/tools/sonar-runner-2.4/bin:/projetos/tools/go/bin:/projetos/runtimes/node-v5.9.1-linux-x64/bin:/projetos/tools/gradle-2.13/bin:/projetos/tools/atlassian-plugin-sdk-6.2.6/bin
8 verbose lifecycle angular-translate-once@1.0.3~pretest: CWD: /projetos/repositorios/github/angular-translate-once
9 silly lifecycle angular-translate-once@1.0.3~pretest: Args: [ '-c',
9 silly lifecycle   'jshint src/*.js && jshint test/**/*.spec.js && jscs src/*.js && jscs test/**/*.spec.js' ]
10 silly lifecycle angular-translate-once@1.0.3~pretest: Returned: code: 2  signal: null
11 info lifecycle angular-translate-once@1.0.3~pretest: Failed to exec pretest script
12 verbose stack Error: angular-translate-once@1.0.3 pretest: `jshint src/*.js && jshint test/**/*.spec.js && jscs src/*.js && jscs test/**/*.spec.js`
12 verbose stack Exit status 2
12 verbose stack     at EventEmitter.<anonymous> (/projetos/runtimes/node-v5.9.1-linux-x64/lib/node_modules/npm/lib/utils/lifecycle.js:245:16)
12 verbose stack     at emitTwo (events.js:100:13)
12 verbose stack     at EventEmitter.emit (events.js:185:7)
12 verbose stack     at ChildProcess.<anonymous> (/projetos/runtimes/node-v5.9.1-linux-x64/lib/node_modules/npm/lib/utils/spawn.js:24:14)
12 verbose stack     at emitTwo (events.js:100:13)
12 verbose stack     at ChildProcess.emit (events.js:185:7)
12 verbose stack     at maybeClose (internal/child_process.js:850:16)
12 verbose stack     at Process.ChildProcess._handle.onexit (internal/child_process.js:215:5)
13 verbose pkgid angular-translate-once@1.0.3
14 verbose cwd /projetos/repositorios/github/angular-translate-once
15 error Linux 2.6.32-431.el6.x86_64
16 error argv "/projetos/runtimes/node-v5.9.1-linux-x64/bin/node" "/projetos/runtimes/node-v5.9.1-linux-x64/bin/npm" "run-script" "test"
17 error node v5.9.1
18 error npm  v3.8.9
19 error code ELIFECYCLE
20 error angular-translate-once@1.0.3 pretest: `jshint src/*.js && jshint test/**/*.spec.js && jscs src/*.js && jscs test/**/*.spec.js`
20 error Exit status 2
21 error Failed at the angular-translate-once@1.0.3 pretest script 'jshint src/*.js && jshint test/**/*.spec.js && jscs src/*.js && jscs test/**/*.spec.js'.
21 error Make sure you have the latest version of node.js and npm installed.
21 error If you do, this is most likely a problem with the angular-translate-once package,
21 error not with npm itself.
21 error Tell the author that this fails on your system:
21 error     jshint src/*.js && jshint test/**/*.spec.js && jscs src/*.js && jscs test/**/*.spec.js
21 error You can get information on how to open an issue for this project with:
21 error     npm bugs angular-translate-once
21 error Or if that isn't available, you can get their info via:
21 error     npm owner ls angular-translate-once
21 error There is likely additional logging output above.
22 verbose exit [ 1, true ]
